<?xml version="1.0" encoding="UTF-8"?>
<testsuite xmlns:xsi="http://www.w3.org/2001/XMLSchema-instance" xsi:noNamespaceSchemaLocation="https://maven.apache.org/surefire/maven-surefire-plugin/xsd/surefire-test-report-3.0.xsd" version="3.0" name="TestSuite" time="5.242" tests="5" errors="0" skipped="0" failures="0">
  <properties>
[...]
</properties>
  <testcase name="test_getAllVideoGames" classname="test.Sample" time="2.28"/>
  <testcase name="test_addNewVideoGame" classname="test.Sample" time="0.587"/>
  <testcase name="test_getVideoGame" classname="test.Sample" time="0.901"/>
  <testcase name="test_UpdateVideoGame" classname="test.Sample" time="0.112"/>
  <testcase name="test_DeleteVideoGame" classname="test.Sample" time="0.036"/>
</testsuite>